18:12:29:506 [35172] | INFO  | Initializing crosire's ReShade version '5.4.2.1605' (32-bit) loaded from "C:\Users\vinic\Documents\G3D-Fun-master\ROBLOX\OPENGL32.dll" into "C:\Users\vinic\Documents\G3D-Fun-master\ROBLOX\RobloxAppDebug.exe" ...
18:12:29:519 [35172] | INFO  | Registering hooks for "user32.dll" ...
18:12:29:531 [35172] | INFO  | > Libraries loaded.
18:12:29:544 [35172] | INFO  | > Found 14 match(es). Installing ...
18:12:29:585 [35172] | INFO  | Registering hooks for "ws2_32.dll" ...
18:12:29:615 [35172] | INFO  | > Libraries loaded.
18:12:29:628 [35172] | INFO  | > Found 8 match(es). Installing ...
18:12:29:664 [35172] | INFO  | Registering hooks for "C:\WINDOWS\system32\opengl32.dll" ...
18:12:29:684 [35172] | INFO  | > Delayed until first call to an exported function.
18:12:29:687 [35172] | INFO  | Registering hooks for "vrclient.dll" ...
18:12:29:688 [35172] | INFO  | > Delayed.
18:12:29:689 [35172] | INFO  | Registering hooks for "C:\WINDOWS\system32\dinput.dll" ...
18:12:29:690 [35172] | INFO  | > Delayed.
18:12:29:691 [35172] | INFO  | Initialized.
18:12:29:699 [35172] | INFO  | Redirecting RegisterClassExA(lpWndClassEx = 0019F9DC { "AX", style = 0x4008 }) ...
18:12:29:753 [35172] | INFO  | Redirecting RegisterClassExA(lpWndClassEx = 0019F9C4 { "mainHWND", style = 0 }) ...
18:12:29:753 [35172] | INFO  | > Adding 'CS_OWNDC' window class style flag to "mainHWND".
18:12:29:754 [35172] | INFO  | Redirecting RegisterClassExA(lpWndClassEx = 0019F9C4 { "toolboxHWND", style = 0 }) ...
18:12:29:755 [35172] | INFO  | > Adding 'CS_OWNDC' window class style flag to "toolboxHWND".
18:12:29:757 [35172] | INFO  | Redirecting RegisterClassExA(lpWndClassEx = 0019F9C4 { "G3DWindow", style = 0 }) ...
18:12:29:758 [35172] | INFO  | > Adding 'CS_OWNDC' window class style flag to "G3DWindow".
18:12:29:787 [35172] | INFO  | Redirecting RegisterClassA(lpWndClass = 0019F84C { "window", style = 0x3 }) ...
18:12:29:798 [35172] | INFO  | > Adding 'CS_OWNDC' window class style flag to "window".
18:12:29:801 [35172] | INFO  | Redirecting wglChoosePixelFormat(hdc = 69012CFD, ppfd = 0019F818) ...
18:12:29:802 [35172] | INFO  | > Dumping pixel format descriptor:
18:12:29:803 [35172] | INFO  |   +-----------------------------------------+-----------------------------------------+
18:12:29:804 [35172] | INFO  |   | Name                                    | Value                                   |
18:12:29:805 [35172] | INFO  |   +-----------------------------------------+-----------------------------------------+
18:12:29:806 [35172] | INFO  |   | Flags                                   | 0x25                                    |
18:12:29:807 [35172] | INFO  |   | ColorBits                               | 24                                      |
18:12:29:808 [35172] | INFO  |   | DepthBits                               | 16                                      |
18:12:29:809 [35172] | INFO  |   | StencilBits                             | 0                                       |
18:12:29:811 [35172] | INFO  |   +-----------------------------------------+-----------------------------------------+
18:12:29:813 [35172] | INFO  | Installing export hooks for "C:\WINDOWS\system32\opengl32.dll" ...
18:12:29:814 [35172] | INFO  | > Found 360 match(es). Installing ...
18:12:29:877 [35172] | INFO  | Returning pixel format: 10
18:12:29:878 [35172] | INFO  | Redirecting wglSetPixelFormat(hdc = 69012CFD, iPixelFormat = 10, ppfd = 0019F818) ...
18:12:29:879 [35172] | INFO  | Redirecting wglCreateContext(hdc = 69012CFD) ...
18:12:29:880 [35172] | INFO  | > Passing on to wglCreateLayerContext:
18:12:29:881 [35172] | INFO  | Redirecting wglCreateLayerContext(hdc = 69012CFD, iLayerPlane = 0) ...
18:12:30:170 [35172] | INFO  | Running on NVIDIA GeForce GTX 1050 Ti/PCIe/SSE2 using OpenGL 4.6.0 NVIDIA 512.15.
18:12:30:173 [35172] | INFO  | Redirecting wglDeleteContext(hglrc = 00010000) ...
18:12:30:200 [35172] | INFO  | Redirecting RegisterClassA(lpWndClass = 0019F520 { "G3DWindow", style = 0x2b }) ...
18:12:30:204 [35172] | INFO  | Redirecting wglChoosePixelFormatARB(hdc = B8012D7A, piAttribIList = 02753280, pfAttribFList = 02FECDD0, nMaxFormats = 1, piFormats = 0019F550, nNumFormats = 0019F51C) ...
18:12:30:206 [35172] | INFO  | > Dumping attributes:
18:12:30:207 [35172] | INFO  |   +-----------------------------------------+-----------------------------------------+
18:12:30:208 [35172] | INFO  |   | Attribute                               | Value                                   |
18:12:30:209 [35172] | INFO  |   +-----------------------------------------+-----------------------------------------+
18:12:30:210 [35172] | INFO  |   | WGL_DRAW_TO_WINDOW_ARB                  | TRUE                                    |
18:12:30:212 [35172] | INFO  |   | WGL_SUPPORT_OPENGL_ARB                  | TRUE                                    |
18:12:30:234 [35172] | INFO  |   | WGL_ACCELERATION_ARB                    | 0x2027                                  |
18:12:30:236 [35172] | INFO  |   | WGL_DOUBLE_BUFFER_ARB                   | TRUE                                    |
18:12:30:238 [35172] | INFO  |   | WGL_COLOR_BITS_ARB                      | 24                                      |
18:12:30:239 [35172] | INFO  |   | WGL_RED_BITS_ARB                        | 8                                       |
18:12:30:241 [35172] | INFO  |   | WGL_GREEN_BITS_ARB                      | 8                                       |
18:12:30:245 [35172] | INFO  |   | WGL_BLUE_BITS_ARB                       | 8                                       |
18:12:30:246 [35172] | INFO  |   | WGL_ALPHA_BITS_ARB                      | 0                                       |
18:12:30:247 [35172] | INFO  |   | WGL_DEPTH_BITS_ARB                      | 24                                      |
18:12:30:248 [35172] | INFO  |   | WGL_STENCIL_BITS_ARB                    | 8                                       |
18:12:30:249 [35172] | INFO  |   | WGL_STEREO_ARB                          | FALSE                                   |
18:12:30:250 [35172] | INFO  |   | WGL_SAMPLE_BUFFERS_ARB                  | 1                                       |
18:12:30:251 [35172] | INFO  |   | WGL_SAMPLES_ARB                         | 16                                      |
18:12:30:254 [35172] | INFO  |   +-----------------------------------------+-----------------------------------------+
18:12:30:283 [35172] | INFO  | Returning pixel format(s): 75
18:12:30:284 [35172] | INFO  | Redirecting wglSetPixelFormat(hdc = B8012D7A, iPixelFormat = 75, ppfd = 0019F4E8) ...
18:12:30:285 [35172] | INFO  | Redirecting wglCreateContext(hdc = B8012D7A) ...
18:12:30:286 [35172] | INFO  | > Passing on to wglCreateLayerContext:
18:12:30:288 [35172] | INFO  | Redirecting wglCreateLayerContext(hdc = B8012D7A, iLayerPlane = 0) ...
18:12:30:420 [35172] | INFO  | Running on NVIDIA GeForce GTX 1050 Ti/PCIe/SSE2 using OpenGL 4.6.0 NVIDIA 512.15.
18:12:30:423 [35172] | INFO  | Redirecting wglChoosePixelFormatARB(hdc = 320129FE, piAttribIList = 02753280, pfAttribFList = 02FECDD0, nMaxFormats = 1, piFormats = 0019F88C, nNumFormats = 0019F858) ...
18:12:30:424 [35172] | INFO  | > Dumping attributes:
18:12:30:426 [35172] | INFO  |   +-----------------------------------------+-----------------------------------------+
18:12:30:427 [35172] | INFO  |   | Attribute                               | Value                                   |
18:12:30:428 [35172] | INFO  |   +-----------------------------------------+-----------------------------------------+
18:12:30:429 [35172] | INFO  |   | WGL_DRAW_TO_WINDOW_ARB                  | TRUE                                    |
18:12:30:431 [35172] | INFO  |   | WGL_SUPPORT_OPENGL_ARB                  | TRUE                                    |
18:12:30:432 [35172] | INFO  |   | WGL_ACCELERATION_ARB                    | 0x2027                                  |
18:12:30:433 [35172] | INFO  |   | WGL_DOUBLE_BUFFER_ARB                   | TRUE                                    |
18:12:30:434 [35172] | INFO  |   | WGL_COLOR_BITS_ARB                      | 24                                      |
18:12:30:435 [35172] | INFO  |   | WGL_RED_BITS_ARB                        | 8                                       |
18:12:30:436 [35172] | INFO  |   | WGL_GREEN_BITS_ARB                      | 8                                       |
18:12:30:437 [35172] | INFO  |   | WGL_BLUE_BITS_ARB                       | 8                                       |
18:12:30:438 [35172] | INFO  |   | WGL_ALPHA_BITS_ARB                      | 0                                       |
18:12:30:439 [35172] | INFO  |   | WGL_DEPTH_BITS_ARB                      | 24                                      |
18:12:30:440 [35172] | INFO  |   | WGL_STENCIL_BITS_ARB                    | 8                                       |
18:12:30:441 [35172] | INFO  |   | WGL_STEREO_ARB                          | FALSE                                   |
18:12:30:442 [35172] | INFO  |   | WGL_SAMPLE_BUFFERS_ARB                  | 1                                       |
18:12:30:443 [35172] | INFO  |   | WGL_SAMPLES_ARB                         | 16                                      |
18:12:30:444 [35172] | INFO  |   +-----------------------------------------+-----------------------------------------+
18:12:30:472 [35172] | INFO  | Returning pixel format(s): 75
18:12:30:473 [35172] | INFO  | Redirecting wglSetPixelFormat(hdc = 320129FE, iPixelFormat = 75, ppfd = 0019F824) ...
18:12:30:475 [35172] | INFO  | Redirecting wglCreateContext(hdc = 320129FE) ...
18:12:30:476 [35172] | INFO  | > Passing on to wglCreateLayerContext:
18:12:30:477 [35172] | INFO  | Redirecting wglCreateLayerContext(hdc = 320129FE, iLayerPlane = 0) ...
18:12:30:479 [35172] | INFO  | Redirecting wglShareLists(hglrc1 = 00020000, hglrc2 = 00010001) ...
18:12:40:040 [35172] | INFO  | Redirecting RegisterClassExA(lpWndClassEx = 0019F880 { "propHWND", style = 0 }) ...
18:12:40:061 [35172] | INFO  | > Adding 'CS_OWNDC' window class style flag to "propHWND".
18:12:40:075 [35172] | INFO  | Redirecting RegisterClassExA(lpWndClassEx = 0019F880 { "PropGridCtl", style = 0x88 }) ...
18:12:40:379 [35172] | INFO  | Resizing runtime 09F4BB70 on device context 320129FE to 784x561 ...
18:12:42:016 [35172] | INFO  | Exiting ...
18:12:42:017 [35172] | INFO  | Uninstalling 529 hook(s) ...
